<?xml version="1.0" encoding="UTF-8"?>
<!-- Generated by org.testng.reporters.JUnitReportReporter -->
<testsuite hostname="DESKTOP-TNDF61A" failures="0" tests="1" name="testpkg.Saucetest" time="39.708" errors="0" timestamp="2024-10-01T22:04:18 IST" skipped="0">
  <testcase classname="testpkg.Saucetest" name="test" time="39.708"/>
  <system-out/>
</testsuite> <!-- testpkg.Saucetest -->
